# JRE version: Java(TM) SE Runtime Environment (8.0_181-b13) (build 1.8.0_181-b13)
# Java VM: Java HotSpot(TM) 64-Bit Server VM (25.181-b13 mixed mode windows-amd64 compressed oops)
Heap:
 PSYoungGen      total 179712K, used 114455K [0x00000000f0180000, 0x00000000ffe80000, 0x0000000100000000)
  eden space 169984K, 62% used [0x00000000f0180000,0x00000000f6951968,0x00000000fa780000)
  from space 9728K, 83% used [0x00000000fa780000,0x00000000faf74378,0x00000000fb100000)
  to   space 10240K, 0% used [0x00000000ff480000,0x00000000ff480000,0x00000000ffe80000)
 ParOldGen       total 44032K, used 19545K [0x00000000d0400000, 0x00000000d2f00000, 0x00000000f0180000)
  object space 44032K, 44% used [0x00000000d0400000,0x00000000d1716510,0x00000000d2f00000)
 Metaspace       used 39353K, capacity 41048K, committed 41344K, reserved 1087488K
  class space    used 5074K, capacity 5402K, committed 5504K, reserved 1048576K
GC Heap History (10 events):
Event: 5.325 GC heap before
{Heap before GC invocations=13 (full 1):
 PSYoungGen      total 82944K, used 78848K [0x00000000f0180000, 0x00000000f8600000, 0x0000000100000000)
  eden space 78848K, 100% used [0x00000000f0180000,0x00000000f4e80000,0x00000000f4e80000)
  from space 4096K, 0% used [0x00000000f4e80000,0x00000000f4e80000,0x00000000f5280000)
  to   space 4608K, 0% used [0x00000000f8180000,0x00000000f8180000,0x00000000f8600000)
 ParOldGen       total 22016K, used 5525K [0x00000000d0400000, 0x00000000d1980000, 0x00000000f0180000)
  object space 22016K, 25% used [0x00000000d0400000,0x00000000d09654f8,0x00000000d1980000)
 Metaspace       used 26685K, capacity 27476K, committed 27776K, reserved 1073152K
  class space    used 3432K, capacity 3628K, committed 3712K, reserved 1048576K
Event: 5.349 GC heap after
Heap after GC invocations=13 (full 1):
 PSYoungGen      total 120832K, used 4597K [0x00000000f0180000, 0x00000000f8600000, 0x0000000100000000)
  eden space 116224K, 0% used [0x00000000f0180000,0x00000000f0180000,0x00000000f7300000)
  from space 4608K, 99% used [0x00000000f8180000,0x00000000f85fd560,0x00000000f8600000)
  to   space 6656K, 0% used [0x00000000f7900000,0x00000000f7900000,0x00000000f7f80000)
 ParOldGen       total 22016K, used 9508K [0x00000000d0400000, 0x00000000d1980000, 0x00000000f0180000)
  object space 22016K, 43% used [0x00000000d0400000,0x00000000d0d49340,0x00000000d1980000)
 Metaspace       used 26685K, capacity 27476K, committed 27776K, reserved 1073152K
  class space    used 3432K, capacity 3628K, committed 3712K, reserved 1048576K
}
Event: 6.888 GC heap before
{Heap before GC invocations=14 (full 1):
 PSYoungGen      total 120832K, used 120821K [0x00000000f0180000, 0x00000000f8600000, 0x0000000100000000)
  eden space 116224K, 100% used [0x00000000f0180000,0x00000000f7300000,0x00000000f7300000)
  from space 4608K, 99% used [0x00000000f8180000,0x00000000f85fd560,0x00000000f8600000)
  to   space 6656K, 0% used [0x00000000f7900000,0x00000000f7900000,0x00000000f7f80000)
 ParOldGen       total 22016K, used 9508K [0x00000000d0400000, 0x00000000d1980000, 0x00000000f0180000)
  object space 22016K, 43% used [0x00000000d0400000,0x00000000d0d49340,0x00000000d1980000)
 Metaspace       used 29398K, capacity 30340K, committed 30464K, reserved 1075200K
  class space    used 3744K, capacity 3976K, committed 4096K, reserved 1048576K
Event: 6.926 GC heap after
Heap after GC invocations=14 (full 1):
 PSYoungGen      total 129024K, used 6644K [0x00000000f0180000, 0x00000000fba80000, 0x0000000100000000)
  eden space 122368K, 0% used [0x00000000f0180000,0x00000000f0180000,0x00000000f7900000)
  from space 6656K, 99% used [0x00000000f7900000,0x00000000f7f7d118,0x00000000f7f80000)
  to   space 9728K, 0% used [0x00000000fb100000,0x00000000fb100000,0x00000000fba80000)
 ParOldGen       total 22016K, used 15140K [0x00000000d0400000, 0x00000000d1980000, 0x00000000f0180000)
  object space 22016K, 68% used [0x00000000d0400000,0x00000000d12c91a8,0x00000000d1980000)
 Metaspace       used 29398K, capacity 30340K, committed 30464K, reserved 1075200K
  class space    used 3744K, capacity 3976K, committed 4096K, reserved 1048576K
}
Event: 8.720 GC heap before
{Heap before GC invocations=15 (full 1):
 PSYoungGen      total 129024K, used 129012K [0x00000000f0180000, 0x00000000fba80000, 0x0000000100000000)
  eden space 122368K, 100% used [0x00000000f0180000,0x00000000f7900000,0x00000000f7900000)
  from space 6656K, 99% used [0x00000000f7900000,0x00000000f7f7d118,0x00000000f7f80000)
  to   space 9728K, 0% used [0x00000000fb100000,0x00000000fb100000,0x00000000fba80000)
 ParOldGen       total 22016K, used 15140K [0x00000000d0400000, 0x00000000d1980000, 0x00000000f0180000)
  object space 22016K, 68% used [0x00000000d0400000,0x00000000d12c91a8,0x00000000d1980000)
 Metaspace       used 32733K, capacity 33732K, committed 33920K, reserved 1079296K
  class space    used 4190K, capacity 4442K, committed 4480K, reserved 1048576K
Event: 8.738 GC heap after
Heap after GC invocations=15 (full 1):
 PSYoungGen      total 179712K, used 5468K [0x00000000f0180000, 0x00000000fc080000, 0x0000000100000000)
  eden space 169984K, 0% used [0x00000000f0180000,0x00000000f0180000,0x00000000fa780000)
  from space 9728K, 56% used [0x00000000fb100000,0x00000000fb657088,0x00000000fba80000)
  to   space 9728K, 0% used [0x00000000fa780000,0x00000000fa780000,0x00000000fb100000)
 ParOldGen       total 22016K, used 19832K [0x00000000d0400000, 0x00000000d1980000, 0x00000000f0180000)
  object space 22016K, 90% used [0x00000000d0400000,0x00000000d175e380,0x00000000d1980000)
 Metaspace       used 32733K, capacity 33732K, committed 33920K, reserved 1079296K
  class space    used 4190K, capacity 4442K, committed 4480K, reserved 1048576K
}
Event: 8.738 GC heap before
{Heap before GC invocations=16 (full 2):
 PSYoungGen      total 179712K, used 5468K [0x00000000f0180000, 0x00000000fc080000, 0x0000000100000000)
  eden space 169984K, 0% used [0x00000000f0180000,0x00000000f0180000,0x00000000fa780000)
  from space 9728K, 56% used [0x00000000fb100000,0x00000000fb657088,0x00000000fba80000)
  to   space 9728K, 0% used [0x00000000fa780000,0x00000000fa780000,0x00000000fb100000)
 ParOldGen       total 22016K, used 19832K [0x00000000d0400000, 0x00000000d1980000, 0x00000000f0180000)
  object space 22016K, 90% used [0x00000000d0400000,0x00000000d175e380,0x00000000d1980000)
 Metaspace       used 32733K, capacity 33732K, committed 33920K, reserved 1079296K
  class space    used 4190K, capacity 4442K, committed 4480K, reserved 1048576K
Event: 8.811 GC heap after
Heap after GC invocations=16 (full 2):
 PSYoungGen      total 179712K, used 0K [0x00000000f0180000, 0x00000000fc080000, 0x0000000100000000)
  eden space 169984K, 0% used [0x00000000f0180000,0x00000000f0180000,0x00000000fa780000)
  from space 9728K, 0% used [0x00000000fb100000,0x00000000fb100000,0x00000000fba80000)
  to   space 9728K, 0% used [0x00000000fa780000,0x00000000fa780000,0x00000000fb100000)
 ParOldGen       total 44032K, used 19537K [0x00000000d0400000, 0x00000000d2f00000, 0x00000000f0180000)
  object space 44032K, 44% used [0x00000000d0400000,0x00000000d1714510,0x00000000d2f00000)
 Metaspace       used 32733K, capacity 33732K, committed 33920K, reserved 1079296K
  class space    used 4190K, capacity 4442K, committed 4480K, reserved 1048576K
}
Event: 11.150 GC heap before
{Heap before GC invocations=17 (full 2):
 PSYoungGen      total 179712K, used 169984K [0x00000000f0180000, 0x00000000fc080000, 0x0000000100000000)
  eden space 169984K, 100% used [0x00000000f0180000,0x00000000fa780000,0x00000000fa780000)
  from space 9728K, 0% used [0x00000000fb100000,0x00000000fb100000,0x00000000fba80000)
  to   space 9728K, 0% used [0x00000000fa780000,0x00000000fa780000,0x00000000fb100000)
 ParOldGen       total 44032K, used 19537K [0x00000000d0400000, 0x00000000d2f00000, 0x00000000f0180000)
  object space 44032K, 44% used [0x00000000d0400000,0x00000000d1714510,0x00000000d2f00000)
 Metaspace       used 37425K, capacity 39004K, committed 39168K, reserved 1083392K
  class space    used 4789K, capacity 5106K, committed 5120K, reserved 1048576K
Event: 11.177 GC heap after
Heap after GC invocations=17 (full 2):
 PSYoungGen      total 179712K, used 8144K [0x00000000f0180000, 0x00000000ffe80000, 0x0000000100000000)
  eden space 169984K, 0% used [0x00000000f0180000,0x00000000f0180000,0x00000000fa780000)
  from space 9728K, 83% used [0x00000000fa780000,0x00000000faf74378,0x00000000fb100000)
  to   space 10240K, 0% used [0x00000000ff480000,0x00000000ff480000,0x00000000ffe80000)
 ParOldGen       total 44032K, used 19545K [0x00000000d0400000, 0x00000000d2f00000, 0x00000000f0180000)
  object space 44032K, 44% used [0x00000000d0400000,0x00000000d1716510,0x00000000d2f00000)
 Metaspace       used 37425K, capacity 39004K, committed 39168K, reserved 1083392K
  class space    used 4789K, capacity 5106K, committed 5120K, reserved 1048576K
}

